{"meta": {"version": "7.3.2", "timestamp": "2023-12-07T11:50:19.560885", "branch_coverage": true, "show_contexts": false}, "files": {"src/python_package/__init__.py": {"executed_lines": [5, 6, 8], "summary": {"covered_lines": 3, "num_statements": 3, "percent_covered": 100.0, "percent_covered_display": "100", "missing_lines": 0, "excluded_lines": 0, "num_branches": 0, "num_partial_branches": 0, "covered_branches": 0, "missing_branches": 0}, "missing_lines": [], "excluded_lines": [], "executed_branches": [], "missing_branches": []}, "src/python_package/hello_world.py": {"executed_lines": [5, 8, 11, 13, 14, 17, 23], "summary": {"covered_lines": 7, "num_statements": 11, "percent_covered": 63.63636363636363, "percent_covered_display": "64", "missing_lines": 4, "excluded_lines": 0, "num_branches": 0, "num_partial_branches": 0, "covered_branches": 0, "missing_branches": 0}, "missing_lines": [19, 20, 24, 25], "excluded_lines": [], "executed_branches": [], "missing_branches": []}, "tests/__init__.py": {"executed_lines": [1], "summary": {"covered_lines": 0, "num_statements": 0, "percent_covered": 100.0, "percent_covered_display": "100", "missing_lines": 0, "excluded_lines": 0, "num_branches": 0, "num_partial_branches": 0, "covered_branches": 0, "missing_branches": 0}, "missing_lines": [], "excluded_lines": [], "executed_branches": [], "missing_branches": []}, "tests/conftest.py": {"executed_lines": [5, 11, 13, 15, 16, 19, 20, 21, 23, 24, 27, 28, 30], "summary": {"covered_lines": 13, "num_statements": 14, "percent_covered": 90.0, "percent_covered_display": "90", "missing_lines": 1, "excluded_lines": 0, "num_branches": 6, "num_partial_branches": 1, "covered_branches": 5, "missing_branches": 1}, "missing_lines": [22], "excluded_lines": [], "executed_branches": [[20, -19], [20, 21], [21, 23], [23, 20], [23, 24]], "missing_branches": [[21, 22]]}, "tests/test_cases.py": {"executed_lines": [1], "summary": {"covered_lines": 0, "num_statements": 0, "percent_covered": 100.0, "percent_covered_display": "100", "missing_lines": 0, "excluded_lines": 0, "num_branches": 0, "num_partial_branches": 0, "covered_branches": 0, "missing_branches": 0}, "missing_lines": [], "excluded_lines": [], "executed_branches": [], "missing_branches": []}, "tests/test_methods.py": {"executed_lines": [5, 6, 8, 11, 16, 19, 24, 27, 32], "summary": {"covered_lines": 9, "num_statements": 9, "percent_covered": 100.0, "percent_covered_display": "100", "missing_lines": 0, "excluded_lines": 0, "num_branches": 0, "num_partial_branches": 0, "covered_branches": 0, "missing_branches": 0}, "missing_lines": [], "excluded_lines": [], "executed_branches": [], "missing_branches": []}}, "totals": {"covered_lines": 32, "num_statements": 37, "percent_covered": 86.04651162790698, "percent_covered_display": "86", "missing_lines": 5, "excluded_lines": 0, "num_branches": 6, "num_partial_branches": 1, "covered_branches": 5, "missing_branches": 1}}